<![LOG[Performing detection of app deployment type "Contoso VPN Client 4.2 (x64)" for system.]LOG]!><time="09:14:02.331+000" date="07-13-2026" component="AppDiscovery" context="" type="1" thread="4820" file="appprovider.cpp:2114">
<![LOG[+++ Application not discovered. [AppDT Id: ScopeId_A1/DeploymentType_9f3, Revision: 3]]LOG]!><time="09:14:02.902+000" date="07-13-2026" component="AppDiscovery" context="" type="1" thread="4820" file="appprovider.cpp:2331">
<![LOG[The user clicked to install "Contoso VPN Client 4.2 (x64)".]LOG]!><time="09:14:05.010+000" date="07-13-2026" component="AppEnforce" context="" type="1" thread="4820" file="appmgr.cpp:1201">
<![LOG[Prepared working directory: C:\WINDOWS\ccmcache\7d]LOG]!><time="09:14:05.118+000" date="07-13-2026" component="AppEnforce" context="" type="1" thread="4820" file="appexcnlib.cpp:684">
<![LOG[Found executable file msiexec with complete path C:\WINDOWS\system32\msiexec.exe]LOG]!><time="09:14:05.204+000" date="07-13-2026" component="AppEnforce" context="" type="1" thread="4820" file="appexcnlib.cpp:750">
<![LOG[Executing Command line: "C:\WINDOWS\system32\msiexec.exe" /i "ContosoVPN.msi" /q /l*v "C:\WINDOWS\ccm\logs\ContosoVPN_install.log" TRANSFORMS="ContosoVPN.mst"]LOG]!><time="09:14:05.221+000" date="07-13-2026" component="AppEnforce" context="" type="1" thread="4820" file="appexcnlib.cpp:1085">
<![LOG[Working directory C:\WINDOWS\ccmcache\7d]LOG]!><time="09:14:05.240+000" date="07-13-2026" component="AppEnforce" context="" type="1" thread="4820" file="appexcnlib.cpp:1089">
<![LOG[Post install behavior is BasedOnExitCode]LOG]!><time="09:14:05.301+000" date="07-13-2026" component="AppEnforce" context="" type="1" thread="4820" file="appexcnlib.cpp:1720">
<![LOG[Waiting for process 6132 to finish. Timeout = 120 minutes.]LOG]!><time="09:14:05.410+000" date="07-13-2026" component="AppEnforce" context="" type="1" thread="4820" file="appexcnlib.cpp:1806">
<![LOG[Existing anti-malware scan already in progress, deferring content download by 30 seconds.]LOG]!><time="09:14:12.774+000" date="07-13-2026" component="AppEnforce" context="" type="2" thread="4820" file="appexcnlib.cpp:1622">
<![LOG[Process 6132 terminated with exitcode: 1603]LOG]!><time="09:16:48.556+000" date="07-13-2026" component="AppEnforce" context="" type="3" thread="4820" file="appexcnlib.cpp:1838">
<![LOG[Matched exit code 1603 to a Failure entry in exit codes table.]LOG]!><time="09:16:48.601+000" date="07-13-2026" component="AppEnforce" context="" type="1" thread="4820" file="appexcnlib.cpp:583">
<![LOG[++++++ App enforcement completed (159 seconds) for App DT "Contoso VPN Client 4.2 (x64)" [ScopeId_A1/DeploymentType_9f3], Revision: 3, User SID: ] ++++++]LOG]!><time="09:16:48.655+000" date="07-13-2026" component="AppEnforce" context="" type="1" thread="4820" file="appexcnlib.cpp:2637">
<![LOG[CMsiHandler::EnforceApp failed with error 0x80070643 (The installation package could not be opened).]LOG]!><time="09:16:48.702+000" date="07-13-2026" component="AppEnforce" context="" type="3" thread="4820" file="msihandler.cpp:311">
<![LOG[Method CBaseProvider::EnforceApp failed with error code 0x87D00269]LOG]!><time="09:16:48.744+000" date="07-13-2026" component="AppEnforce" context="" type="3" thread="4820" file="appprovider.cpp:2860">
<![LOG[Retrying install after 10 minute back-off. Attempt 2 of 3.]LOG]!><time="09:26:49.010+000" date="07-13-2026" component="AppEnforce" context="" type="2" thread="4820" file="appexcnlib.cpp:1901">
<![LOG[Executing Command line: "C:\WINDOWS\system32\msiexec.exe" /i "ContosoVPN.msi" /q /l*v "C:\WINDOWS\ccm\logs\ContosoVPN_install.log" TRANSFORMS="ContosoVPN.mst"]LOG]!><time="09:26:49.221+000" date="07-13-2026" component="AppEnforce" context="" type="1" thread="4820" file="appexcnlib.cpp:1085">
<![LOG[Waiting for process 8044 to finish. Timeout = 120 minutes.]LOG]!><time="09:26:49.410+000" date="07-13-2026" component="AppEnforce" context="" type="1" thread="4820" file="appexcnlib.cpp:1806">
<![LOG[Process 8044 terminated with exitcode: 0]LOG]!><time="09:28:33.556+000" date="07-13-2026" component="AppEnforce" context="" type="1" thread="4820" file="appexcnlib.cpp:1838">
<![LOG[Matched exit code 0 to a Success entry in exit codes table.]LOG]!><time="09:28:33.601+000" date="07-13-2026" component="AppEnforce" context="" type="1" thread="4820" file="appexcnlib.cpp:583">
<![LOG[Performing detection of app deployment type "Contoso VPN Client 4.2 (x64)" after enforcement.]LOG]!><time="09:28:34.118+000" date="07-13-2026" component="AppEnforce" context="" type="1" thread="4820" file="appexcnlib.cpp:2201">
<![LOG[+++ Discovered application [AppDT Id: ScopeId_A1/DeploymentType_9f3, Revision: 3]]LOG]!><time="09:28:35.902+000" date="07-13-2026" component="AppEnforce" context="" type="1" thread="4820" file="appprovider.cpp:2331">
<![LOG[++++++ App enforcement completed (successfully) for App DT "Contoso VPN Client 4.2 (x64)" ++++++]LOG]!><time="09:28:36.010+000" date="07-13-2026" component="AppEnforce" context="" type="1" thread="4820" file="appexcnlib.cpp:2637">
